<?xml version="1.0" encoding="UTF-8"?>
<testsuite xmlns:xsi="http://www.w3.org/2001/XMLSchema-instance" xsi:noNamespaceSchemaLocation="https://maven.apache.org/surefire/maven-surefire-plugin/xsd/surefire-test-report.xsd" version="3.0.1" name="testRunner.TestRunner" time="352.505" tests="13" errors="0" skipped="0" failures="0">
  <properties>
[...]
</properties>
  <testcase name="Searching for a course" classname="Search for a course" time="74.952">
    <system-out><![CDATA[
Scenario: Searching for a course                                             # Features/1_Homepage.feature:3
  Given the user has navigated to the homepage                               # stepDefinitions.homepage.the_user_has_navigated_to_the_homepage()
Entering search value
  When the user enters a course name into the search bar                     # stepDefinitions.homepage.the_user_enters_a_course_name_into_the_search_bar()
  And the user clicks the search button                                      # stepDefinitions.homepage.the_user_clicks_the_search_button()
course displayed
  Then the search results should display courses related to the entered name # stepDefinitions.homepage.the_search_results_should_display_courses_related_to_the_entered_name()
]]></system-out>
  </testcase>
  <testcase name="Applying filters to search" classname="Search for a course" time="4.228">
    <system-out><![CDATA[
Scenario: Applying filters to search                                          # Features/1_Homepage.feature:9
  When the user selects the English language filter                           # stepDefinitions.homepage.the_user_selects_the_english_language_filter()
  And the user selects the Beginner level filter                              # stepDefinitions.homepage.the_user_selects_the_beginner_level_filter()
  Then the search results should update to show only English beginner courses # stepDefinitions.homepage.the_search_results_should_update_to_show_only_english_beginner_courses()
]]></system-out>
  </testcase>
  <testcase name="Selecting a course" classname="Search for a course" time="1.964">
    <system-out><![CDATA[
Scenario: Selecting a course                                    # Features/1_Homepage.feature:14
  When the user views the list of courses                       # stepDefinitions.homepage.the_user_views_the_list_of_courses()
the courses : IBM Full-Stack JavaScript Developer
the courses : Automation in the AWS Cloud
the courses : Game Development: HTML to Unreal Engine Mastery
the courses : How to Get Into Web Development
the courses : Google Cloud Digital Leader Training
the courses : JavaScript Programming Essentials
the courses : Customer Understanding and Digital Marketing Channels
the courses : JavaScript Programming with React, Node & MongoDB
the courses : Frontend Development
the courses : Linux for beginners with Hands-on Labs
the courses : Gemini for end-to-end SDLC
the courses : UX Web Design: Build User-Centric Websites
No.of courses available: 12
  Then the user should be able to select a course from the list # stepDefinitions.homepage.the_user_should_be_able_to_select_a_course_from_the_list()
]]></system-out>
  </testcase>
  <testcase name="Displaying course details" classname="Search for a course" time="21.384">
    <system-out><![CDATA[
Scenario: Displaying course details                                         # Features/1_Homepage.feature:18

 The courses are : 
The course title : IBM Full-Stack JavaScript Developer Professional Certificate
Ratings : 4.7
Hours of Learning : at 10 hours a week

The course title : Automation in the AWS Cloud
Ratings : 4.9
Hours of Learning : 8 hours (approximately)

  When the user clicks on a course                                          # stepDefinitions.homepage.the_user_clicks_on_a_course()
  Then the course title, ratings, and hours of learning should be displayed # stepDefinitions.homepage.the_course_title_ratings_and_hours_of_learning_should_be_displayed()
]]></system-out>
  </testcase>
  <testcase name="Counting available languages" classname="Search for a course" time="5.932">
    <system-out><![CDATA[
Scenario: Counting available languages                                      # Features/1_Homepage.feature:22
-------------------------------------------------------
  When the user clicks on the see all languages button                      # stepDefinitions.homepage.the_user_clicks_on_the_see_all_languages_button()
Total number of languages : 22
English(420)
Arabic(239)
Spanish(236)
French(231)
Portuguese (Brazil)(221)
German(215)
Indonesian(215)
Ukrainian(214)
Japanese(213)
Turkish(213)
Chinese (China)(212)
Dutch(212)
Greek(212)
Hindi(212)
Italian(212)
Korean(212)
Polish(212)
Swedish(212)
Thai(212)
Russian(189)
Kazakh(182)
Hungarian(148)

  Then the total number of languages and languages name should be displayed # stepDefinitions.homepage.the_total_number_of_languages_and_languages_name_should_be_displayed()
]]></system-out>
  </testcase>
  <testcase name="Counting available levels" classname="Search for a course" time="8.886">
    <system-out><![CDATA[
Scenario: Counting available levels                                  # Features/1_Homepage.feature:26
  When the user views the list of levels                             # stepDefinitions.homepage.the_user_views_the_list_of_levels()
-------------------------------------------------------
Total number of levels : 4
Beginner(420)
Intermediate(414)
Advanced(34)
Mixed(71)

-------------------------------------------------------
  Then the total number of levels and the levels should be displayed # stepDefinitions.homepage.the_total_number_of_levels_and_the_levels_should_be_displayed()
]]></system-out>
  </testcase>
  <testcase name="Navigating to Solutions" classname="Enterprise Solutions Navigation" time="53.09">
    <system-out><![CDATA[
Scenario: Navigating to Solutions                              # Features/2_enterprisepage.feature:3
  Given the user has accessed the enterprise solutions section # stepDefinitions.enterprisePage.the_user_has_accessed_the_enterprise_solutions_section()
  When the user selects the Solutions option                   # stepDefinitions.enterprisePage.the_user_selects_the_solutions_option()
  Then the solutions overview should be displayed              # stepDefinitions.enterprisePage.the_solutions_overview_should_be_displayed()
]]></system-out>
  </testcase>
  <testcase name="Accessing Campus Solutions" classname="Enterprise Solutions Navigation" time="60.828">
    <system-out><![CDATA[
Scenario: Accessing Campus Solutions                        # Features/2_enterprisepage.feature:8
  When the user clicks on the Coursera for Campus option    # stepDefinitions.enterprisePage.the_user_clicks_on_the_coursera_for_campus_option()
  Then the details for campus solutions should be presented # stepDefinitions.enterprisePage.the_details_for_campus_solutions_should_be_presented()
]]></system-out>
  </testcase>
  <testcase name="Filling the Campus Inquiry Form #1" classname="Campus Inquiry Form Submission" time="13.085">
    <system-out><![CDATA[
Scenario: Filling the Campus Inquiry Form                                              # Features/3_campuspage.feature:14
  Given the user is on the campus inquiry page                                         # stepDefinitions.campusPage.the_user_is_on_the_campus_inquiry_page()
  When the user enters their personal and professional details into the form using "1" # stepDefinitions.campusPage.the_user_enters_their_personal_and_professional_details_into_the_form(java.lang.String)
  And the user submits the campus inquiry form                                         # stepDefinitions.campusPage.the_user_submits_the_campus_inquiry_form()
  Then a confirmation message should be displayed if the submission is successful      # stepDefinitions.campusPage.a_confirmation_message_should_be_displayed_if_the_submission_is_successful()
The error message : 
Must be valid email.
example@yourdomain.com
  And an error message should be displayed if there are any validation errors          # stepDefinitions.campusPage.an_error_message_should_be_displayed_if_there_are_any_validation_errors()
]]></system-out>
  </testcase>
  <testcase name="Filling the Campus Inquiry Form #2" classname="Campus Inquiry Form Submission" time="12.269">
    <system-out><![CDATA[
Scenario: Filling the Campus Inquiry Form                                              # Features/3_campuspage.feature:15
  Given the user is on the campus inquiry page                                         # stepDefinitions.campusPage.the_user_is_on_the_campus_inquiry_page()
  When the user enters their personal and professional details into the form using "2" # stepDefinitions.campusPage.the_user_enters_their_personal_and_professional_details_into_the_form(java.lang.String)
  And the user submits the campus inquiry form                                         # stepDefinitions.campusPage.the_user_submits_the_campus_inquiry_form()
  Then a confirmation message should be displayed if the submission is successful      # stepDefinitions.campusPage.a_confirmation_message_should_be_displayed_if_the_submission_is_successful()
The error message : 
Must be a phone number.
503-555-1212
  And an error message should be displayed if there are any validation errors          # stepDefinitions.campusPage.an_error_message_should_be_displayed_if_there_are_any_validation_errors()
]]></system-out>
  </testcase>
  <testcase name="Filling the Campus Inquiry Form #3" classname="Campus Inquiry Form Submission" time="12.373">
    <system-out><![CDATA[
Scenario: Filling the Campus Inquiry Form                                              # Features/3_campuspage.feature:16
  Given the user is on the campus inquiry page                                         # stepDefinitions.campusPage.the_user_is_on_the_campus_inquiry_page()
  When the user enters their personal and professional details into the form using "3" # stepDefinitions.campusPage.the_user_enters_their_personal_and_professional_details_into_the_form(java.lang.String)
  And the user submits the campus inquiry form                                         # stepDefinitions.campusPage.the_user_submits_the_campus_inquiry_form()
  Then a confirmation message should be displayed if the submission is successful      # stepDefinitions.campusPage.a_confirmation_message_should_be_displayed_if_the_submission_is_successful()
The error message : 
Must be valid email.
example@yourdomain.com
  And an error message should be displayed if there are any validation errors          # stepDefinitions.campusPage.an_error_message_should_be_displayed_if_there_are_any_validation_errors()
]]></system-out>
  </testcase>
  <testcase name="Filling the Campus Inquiry Form #4" classname="Campus Inquiry Form Submission" time="12.685">
    <system-out><![CDATA[
Scenario: Filling the Campus Inquiry Form                                              # Features/3_campuspage.feature:17
  Given the user is on the campus inquiry page                                         # stepDefinitions.campusPage.the_user_is_on_the_campus_inquiry_page()
  When the user enters their personal and professional details into the form using "4" # stepDefinitions.campusPage.the_user_enters_their_personal_and_professional_details_into_the_form(java.lang.String)
  And the user submits the campus inquiry form                                         # stepDefinitions.campusPage.the_user_submits_the_campus_inquiry_form()
  Then a confirmation message should be displayed if the submission is successful      # stepDefinitions.campusPage.a_confirmation_message_should_be_displayed_if_the_submission_is_successful()
The error message : 
Must be valid email.
example@yourdomain.com
  And an error message should be displayed if there are any validation errors          # stepDefinitions.campusPage.an_error_message_should_be_displayed_if_there_are_any_validation_errors()
]]></system-out>
  </testcase>
  <testcase name="Filling the Campus Inquiry Form #5" classname="Campus Inquiry Form Submission" time="67.552">
    <system-out><![CDATA[
Scenario: Filling the Campus Inquiry Form                                              # Features/3_campuspage.feature:18
  Given the user is on the campus inquiry page                                         # stepDefinitions.campusPage.the_user_is_on_the_campus_inquiry_page()
  When the user enters their personal and professional details into the form using "5" # stepDefinitions.campusPage.the_user_enters_their_personal_and_professional_details_into_the_form(java.lang.String)
  And the user submits the campus inquiry form                                         # stepDefinitions.campusPage.the_user_submits_the_campus_inquiry_form()
  Then a confirmation message should be displayed if the submission is successful      # stepDefinitions.campusPage.a_confirmation_message_should_be_displayed_if_the_submission_is_successful()
The success message :  
Thank you for your interest in Coursera for Campus
  And an error message should be displayed if there are any validation errors          # stepDefinitions.campusPage.an_error_message_should_be_displayed_if_there_are_any_validation_errors()
]]></system-out>
  </testcase>
</testsuite>